<?xml version="1.0" encoding="UTF-8" ?>
<testsuite errors="0" failures="0" hostname="TobikJanos-PC" name="UnitTests.UnitTestLogHandler" skipped="0" tests="2" time="0.032" timestamp="2017-11-18T20:27:45">
  <properties>
[...]
</properties>
  <testcase classname="UnitTests.UnitTestLogHandler" name="testAddElement" time="0.0" />
  <testcase classname="UnitTests.UnitTestLogHandler" name="testClearLogList" time="0.001" />
  <system-out><![CDATA[]]></system-out>
  <system-err><![CDATA[]]></system-err>
</testsuite>
